2021-12-15 13:15:36.273  INFO 15460 --- [main] com.urs.bsi.BsiApplication               : Starting BsiApplication on DESKTOP-058MNN3 with PID 15460 (C:\Data\Project\bsi\project\bsi-db-int_14_dec_2021\bsi-db-int\target\classes started by uniqu in C:\Data\Project\bsi\project\bsi-db-int_14_dec_2021\bsi-db-int)
2021-12-15 13:15:36.277  INFO 15460 --- [main] com.urs.bsi.BsiApplication               : The following profiles are active: test
2021-12-15 13:15:39.758  INFO 15460 --- [main] .s.d.r.c.RepositoryConfigurationDelegate : Bootstrapping Spring Data repositories in DEFAULT mode.
2021-12-15 13:15:40.248  INFO 15460 --- [main] .s.d.r.c.RepositoryConfigurationDelegate : Finished Spring Data repository scanning in 462ms. Found 10 repository interfaces.
2021-12-15 13:15:41.786  INFO 15460 --- [main] trationDelegate$BeanPostProcessorChecker : Bean 'org.springframework.transaction.annotation.ProxyTransactionManagementConfiguration' of type [org.springframework.transaction.annotation.ProxyTransactionManagementConfiguration$$EnhancerBySpringCGLIB$$e5ed7c98] is not eligible for getting processed by all BeanPostProcessors (for example: not eligible for auto-proxying)
2021-12-15 13:15:43.381  INFO 15460 --- [main] o.s.b.w.embedded.tomcat.TomcatWebServer  : Tomcat initialized with port(s): 443 (https) 80 (http)
2021-12-15 13:15:43.573  INFO 15460 --- [main] o.apache.catalina.core.StandardService   : Starting service [Tomcat]
2021-12-15 13:15:43.576  INFO 15460 --- [main] org.apache.catalina.core.StandardEngine  : Starting Servlet engine: [Apache Tomcat/9.0.24]
2021-12-15 13:15:44.248  INFO 15460 --- [main] c.c.C.[.[.[/bank_statements_integration] : Initializing Spring embedded WebApplicationContext
2021-12-15 13:15:44.249  INFO 15460 --- [main] o.s.web.context.ContextLoader            : Root WebApplicationContext: initialization completed in 7864 ms
2021-12-15 13:15:45.801  INFO 15460 --- [main] com.zaxxer.hikari.HikariDataSource       : HikariPool-1 - Starting...
2021-12-15 13:15:49.126  INFO 15460 --- [main] com.zaxxer.hikari.HikariDataSource       : HikariPool-1 - Start completed.
2021-12-15 13:15:49.325  INFO 15460 --- [main] o.hibernate.jpa.internal.util.LogHelper  : HHH000204: Processing PersistenceUnitInfo [
	name: default
	...]
2021-12-15 13:15:49.615  INFO 15460 --- [main] org.hibernate.Version                    : HHH000412: Hibernate Core {5.3.11.Final}
2021-12-15 13:15:49.620  INFO 15460 --- [main] org.hibernate.cfg.Environment            : HHH000206: hibernate.properties not found
2021-12-15 13:15:50.149  INFO 15460 --- [main] o.hibernate.annotations.common.Version   : HCANN000001: Hibernate Commons Annotations {5.0.4.Final}
2021-12-15 13:15:51.016  INFO 15460 --- [main] org.hibernate.dialect.Dialect            : HHH000400: Using dialect: org.hibernate.dialect.MySQL5Dialect
2021-12-15 13:15:53.689  INFO 15460 --- [main] j.LocalContainerEntityManagerFactoryBean : Initialized JPA EntityManagerFactory for persistence unit 'default'
2021-12-15 13:15:55.872  INFO 15460 --- [main] o.h.h.i.QueryTranslatorFactoryInitiator  : HHH000397: Using ASTQueryTranslatorFactory
2021-12-15 13:15:58.631  WARN 15460 --- [main] aWebConfiguration$JpaWebMvcConfiguration : spring.jpa.open-in-view is enabled by default. Therefore, database queries may be performed during view rendering. Explicitly configure spring.jpa.open-in-view to disable this warning
2021-12-15 13:15:58.899  INFO 15460 --- [main] o.s.b.a.e.web.EndpointLinksResolver      : Exposing 2 endpoint(s) beneath base path '/actuator'
2021-12-15 13:16:00.550  INFO 15460 --- [main] o.s.s.web.DefaultSecurityFilterChain     : Creating filter chain: OrRequestMatcher [requestMatchers=[Ant [pattern='/oauth/token'], Ant [pattern='/oauth/token_key'], Ant [pattern='/oauth/check_token']]], [org.springframework.security.web.context.request.async.WebAsyncManagerIntegrationFilter@2082e0e4, org.springframework.security.web.context.SecurityContextPersistenceFilter@4df5f119, org.springframework.security.web.header.HeaderWriterFilter@f2b4303, org.springframework.security.web.authentication.logout.LogoutFilter@3eb641a8, org.springframework.security.web.authentication.www.BasicAuthenticationFilter@407d2a01, org.springframework.security.web.savedrequest.RequestCacheAwareFilter@6277a496, org.springframework.security.web.servletapi.SecurityContextHolderAwareRequestFilter@6a6e410c, org.springframework.security.web.authentication.AnonymousAuthenticationFilter@15f229e8, org.springframework.security.web.session.SessionManagementFilter@2d399e88, org.springframework.security.web.access.ExceptionTranslationFilter@1d126f07, org.springframework.security.web.access.intercept.FilterSecurityInterceptor@1df2e767]
2021-12-15 13:16:00.593  INFO 15460 --- [main] o.s.s.web.DefaultSecurityFilterChain     : Creating filter chain: org.springframework.security.oauth2.config.annotation.web.configuration.ResourceServerConfiguration$NotOAuthRequestMatcher@10abd94f, [org.springframework.security.web.context.request.async.WebAsyncManagerIntegrationFilter@47bfde21, org.springframework.security.web.context.SecurityContextPersistenceFilter@63614cdd, org.springframework.security.web.header.HeaderWriterFilter@4244e477, org.springframework.security.web.authentication.logout.LogoutFilter@30a5a58d, org.springframework.security.oauth2.provider.authentication.OAuth2AuthenticationProcessingFilter@2e667e95, org.springframework.security.web.savedrequest.RequestCacheAwareFilter@1e9f48d4, org.springframework.security.web.servletapi.SecurityContextHolderAwareRequestFilter@7b9d602c, org.springframework.security.web.authentication.AnonymousAuthenticationFilter@628f0936, org.springframework.security.web.session.SessionManagementFilter@8f8717b, org.springframework.security.web.access.ExceptionTranslationFilter@3ed87b6e, org.springframework.security.web.access.intercept.FilterSecurityInterceptor@18cb4ed1]
2021-12-15 13:16:00.610  INFO 15460 --- [main] o.s.s.w.a.c.ChannelProcessingFilter      : Validated configuration attributes
2021-12-15 13:16:00.614  INFO 15460 --- [main] o.s.s.web.DefaultSecurityFilterChain     : Creating filter chain: any request, [org.springframework.security.web.access.channel.ChannelProcessingFilter@433db56d, org.springframework.security.web.context.request.async.WebAsyncManagerIntegrationFilter@396ec737, org.springframework.security.web.context.SecurityContextPersistenceFilter@6a24c41d, org.springframework.security.web.header.HeaderWriterFilter@4bc4ec43, org.springframework.security.web.csrf.CsrfFilter@4c25201, org.springframework.security.web.authentication.logout.LogoutFilter@5dc1597f, org.springframework.security.web.savedrequest.RequestCacheAwareFilter@5315210d, org.springframework.security.web.servletapi.SecurityContextHolderAwareRequestFilter@3f5f79d8, org.springframework.security.web.authentication.AnonymousAuthenticationFilter@35d53cd8, org.springframework.security.web.session.SessionManagementFilter@6560f387, org.springframework.security.web.access.ExceptionTranslationFilter@530d40b4]
2021-12-15 13:16:00.624  INFO 15460 --- [main] o.s.s.web.DefaultSecurityFilterChain     : Creating filter chain: any request, [org.springframework.security.web.context.request.async.WebAsyncManagerIntegrationFilter@6d5d1204, org.springframework.security.web.context.SecurityContextPersistenceFilter@b0c4905, org.springframework.security.web.header.HeaderWriterFilter@62ec4146, org.springframework.security.web.csrf.CsrfFilter@5f1c406e, org.springframework.security.web.authentication.logout.LogoutFilter@519eab1e, org.springframework.security.web.authentication.UsernamePasswordAuthenticationFilter@4a9f0360, org.springframework.security.web.authentication.ui.DefaultLoginPageGeneratingFilter@3833897c, org.springframework.security.web.authentication.ui.DefaultLogoutPageGeneratingFilter@1784a296, org.springframework.security.web.authentication.www.BasicAuthenticationFilter@5feb8e9a, org.springframework.security.web.savedrequest.RequestCacheAwareFilter@7d3a2459, org.springframework.security.web.servletapi.SecurityContextHolderAwareRequestFilter@7d5cbcc9, org.springframework.security.web.authentication.AnonymousAuthenticationFilter@49ea4b65, org.springframework.security.web.session.SessionManagementFilter@362e709e, org.springframework.security.web.access.ExceptionTranslationFilter@5364b481, org.springframework.security.web.access.intercept.FilterSecurityInterceptor@65b69ccb]
2021-12-15 13:16:00.715  INFO 15460 --- [main] pertySourcedRequestMappingHandlerMapping : Mapped URL path [/v2/api-docs] onto method [public org.springframework.http.ResponseEntity<springfox.documentation.spring.web.json.Json> springfox.documentation.swagger2.web.Swagger2Controller.getDocumentation(java.lang.String,javax.servlet.http.HttpServletRequest)]
2021-12-15 13:16:00.915  INFO 15460 --- [main] o.s.s.concurrent.ThreadPoolTaskExecutor  : Initializing ExecutorService 'applicationTaskExecutor'
2021-12-15 13:16:01.661  INFO 15460 --- [main] d.s.w.p.DocumentationPluginsBootstrapper : Context refreshed
2021-12-15 13:16:01.734  INFO 15460 --- [main] d.s.w.p.DocumentationPluginsBootstrapper : Found 1 custom documentation plugin(s)
2021-12-15 13:16:01.842  INFO 15460 --- [main] s.d.s.w.s.ApiListingReferenceScanner     : Scanning for api listing references
2021-12-15 13:16:02.643  INFO 15460 --- [main] o.s.b.w.embedded.tomcat.TomcatWebServer  : Tomcat started on port(s): 443 (https) 80 (http) with context path '/bank_statements_integration'
2021-12-15 13:16:02.654  INFO 15460 --- [main] com.urs.bsi.BsiApplication               : Started BsiApplication in 27.055 seconds (JVM running for 27.616)
2021-12-15 13:17:01.364  INFO 15460 --- [https-jsse-nio-443-exec-9] c.c.C.[.[.[/bank_statements_integration] : Initializing Spring DispatcherServlet 'dispatcherServlet'
2021-12-15 13:17:01.365  INFO 15460 --- [https-jsse-nio-443-exec-9] o.s.web.servlet.DispatcherServlet        : Initializing Servlet 'dispatcherServlet'
2021-12-15 13:17:01.383  INFO 15460 --- [https-jsse-nio-443-exec-9] o.s.web.servlet.DispatcherServlet        : Completed initialization in 17 ms
2021-12-15 13:17:27.271  INFO 15460 --- [https-jsse-nio-443-exec-10] c.u.b.controller.URSHostedAPIController  : spreading-request-data-EIG post API started :: 
2021-12-15 13:17:29.282  INFO 15460 --- [https-jsse-nio-443-exec-10] c.u.b.controller.URSHostedAPIController  : Inserting data in JSON tbl
2021-12-15 13:17:30.327  INFO 15460 --- [https-jsse-nio-443-exec-10] c.u.b.controller.URSHostedAPIController  : Data inserted successfully JSON tbl
